Arguments: 
  /Users/ChenYu/.nvm/versions/node/v9.4.0/bin/node /Users/ChenYu/.nvm/versions/node/v9.4.0/bin/yarn start

PATH: 
  /Users/ChenYu/.rvm/gems/ruby-2.5.0/bin:/Users/ChenYu/.rvm/gems/ruby-2.5.0@global/bin:/Users/ChenYu/.rvm/rubies/ruby-2.5.0/bin:/Users/ChenYu/.nvm/versions/node/v9.4.0/bin:/Users/ChenYu/.cargo/bin:/Library/Frameworks/Python.framework/Versions/3.5/bin:/usr/local/bin:/usr/bin:/bin:/usr/sbin:/sbin:/usr/local/aria2/bin:/usr/texbin:/usr/local/go/bin:/Users/ChenYu/.rvm/bin

Yarn version: 
  1.5.1

Node version: 
  9.4.0

Platform: 
  darwin x64

npm manifest: 
  No manifest

yarn manifest: 
  No manifest

Lockfile: 
  No lockfile

Trace: 
  Error: Couldn't find a package.json file in "/Users/ChenYu/Documents/cryptape/projects/agera_one"
      at new MessageError (/Users/ChenYu/.nvm/versions/node/v9.4.0/lib/node_modules/.yarn_npminstall/node_modules/.1.5.1@yarn/lib/cli.js:186:110)
      at /Users/ChenYu/.nvm/versions/node/v9.4.0/lib/node_modules/.yarn_npminstall/node_modules/.1.5.1@yarn/lib/cli.js:40048:15
      at Generator.next (<anonymous>)
      at step (/Users/ChenYu/.nvm/versions/node/v9.4.0/lib/node_modules/.yarn_npminstall/node_modules/.1.5.1@yarn/lib/cli.js:98:30)
      at /Users/ChenYu/.nvm/versions/node/v9.4.0/lib/node_modules/.yarn_npminstall/node_modules/.1.5.1@yarn/lib/cli.js:109:13
      at <anonymous>
